[debug] [2021-04-28T18:12:29.021Z] ----------------------------------------------------------------------
[debug] [2021-04-28T18:12:29.024Z] Command:       C:\Program Files\nodejs\node.exe C:\Users\ANDRES MZ\AppData\Roaming\npm\node_modules\firebase-tools\lib\bin\firebase.js deploy
[debug] [2021-04-28T18:12:29.024Z] CLI Version:   9.9.0
[debug] [2021-04-28T18:12:29.024Z] Platform:      win32
[debug] [2021-04-28T18:12:29.025Z] Node Version:  v14.15.4
[debug] [2021-04-28T18:12:29.026Z] Time:          Wed Apr 28 2021 14:12:29 GMT-0400 (hora de Venezuela)
[debug] [2021-04-28T18:12:29.026Z] ----------------------------------------------------------------------
[debug] 
[debug] [2021-04-28T18:12:29.040Z] > command requires scopes: ["email","openid","https://www.googleapis.com/auth/cloudplatformprojects.readonly","https://www.googleapis.com/auth/firebase","https://www.googleapis.com/auth/cloud-platform"]
[debug] [2021-04-28T18:12:29.040Z] > authorizing via signed-in user (opandre123@gmail.com)
[debug] [2021-04-28T18:12:29.040Z] [iam] checking project mzhogar for permissions ["firebase.projects.get","firebasehosting.sites.update"]
[debug] [2021-04-28T18:12:29.044Z] > refreshing access token with scopes: ["email","https://www.googleapis.com/auth/cloud-platform","https://www.googleapis.com/auth/cloudplatformprojects.readonly","https://www.googleapis.com/auth/firebase","openid"]
[debug] [2021-04-28T18:12:29.044Z] >>> HTTP REQUEST POST https://www.googleapis.com/oauth2/v3/token  
 <request body omitted>
[debug] [2021-04-28T18:13:07.974Z] <<< HTTP RESPONSE 200 {"expires":"Mon, 01 Jan 1990 00:00:00 GMT","cache-control":"no-cache, no-store, max-age=0, must-revalidate","pragma":"no-cache","date":"Wed, 28 Apr 2021 18:13:07 GMT","content-type":"application/json; charset=utf-8","vary":"X-Origin, Referer, Origin,Accept-Encoding","server":"scaffolding on HTTPServer2","x-xss-protection":"0","x-frame-options":"SAMEORIGIN","x-content-type-options":"nosniff","alt-svc":"h3-29=\":443\"; ma=2592000,h3-T051=\":443\"; ma=2592000,h3-Q050=\":443\"; ma=2592000,h3-Q046=\":443\"; ma=2592000,h3-Q043=\":443\"; ma=2592000,quic=\":443\"; ma=2592000; v=\"46,43\"","accept-ranges":"none","transfer-encoding":"chunked"}
[debug] [2021-04-28T18:13:08.059Z] >>> HTTP REQUEST POST https://cloudresourcemanager.googleapis.com/v1/projects/mzhogar:testIamPermissions  
 {"permissions":["firebase.projects.get","firebasehosting.sites.update"]}
[debug] [2021-04-28T18:13:34.301Z] [iam] error while checking permissions, command may fail: FirebaseError: Server Error. socket hang up
[debug] [2021-04-28T18:13:34.303Z] > refreshing access token with scopes: []
[debug] [2021-04-28T18:13:34.303Z] >>> HTTP REQUEST POST https://www.googleapis.com/oauth2/v3/token  
 <request body omitted>
[debug] [2021-04-28T18:13:51.685Z] <<< HTTP RESPONSE 200 {"date":"Wed, 28 Apr 2021 18:13:51 GMT","pragma":"no-cache","expires":"Mon, 01 Jan 1990 00:00:00 GMT","cache-control":"no-cache, no-store, max-age=0, must-revalidate","content-type":"application/json; charset=utf-8","vary":"X-Origin, Referer, Origin,Accept-Encoding","server":"scaffolding on HTTPServer2","x-xss-protection":"0","x-frame-options":"SAMEORIGIN","x-content-type-options":"nosniff","alt-svc":"h3-29=\":443\"; ma=2592000,h3-T051=\":443\"; ma=2592000,h3-Q050=\":443\"; ma=2592000,h3-Q046=\":443\"; ma=2592000,h3-Q043=\":443\"; ma=2592000,quic=\":443\"; ma=2592000; v=\"46,43\"","accept-ranges":"none","transfer-encoding":"chunked"}
[debug] [2021-04-28T18:13:51.812Z] >>> [apiv2][query] GET https://firebase.googleapis.com/v1beta1/projects/mzhogar [none]
[debug] [2021-04-28T18:14:21.816Z] Timeout reached making request to https://firebase.googleapis.com/v1beta1/projects/mzhogar
[debug] [2021-04-28T18:14:21.818Z] FirebaseError: Timeout reached making request to https://firebase.googleapis.com/v1beta1/projects/mzhogar
    at Client.doRequest (C:\Users\ANDRES MZ\AppData\Roaming\npm\node_modules\firebase-tools\lib\apiv2.js:209:23)
    at processTicksAndRejections (internal/process/task_queues.js:93:5)
    at async Client.request (C:\Users\ANDRES MZ\AppData\Roaming\npm\node_modules\firebase-tools\lib\apiv2.js:96:20)
    at async Object.getFirebaseProject (C:\Users\ANDRES MZ\AppData\Roaming\npm\node_modules\firebase-tools\lib\management\projects.js:290:21)
    at async Object.getDefaultHostingSite (C:\Users\ANDRES MZ\AppData\Roaming\npm\node_modules\firebase-tools\lib\getDefaultHostingSite.js:8:21)
    at async requireHostingSite (C:\Users\ANDRES MZ\AppData\Roaming\npm\node_modules\firebase-tools\lib\requireHostingSite.js:9:18)
    at async Object.fn (C:\Users\ANDRES MZ\AppData\Roaming\npm\node_modules\firebase-tools\lib\commands\deploy.js:66:9)
    at async C:\Users\ANDRES MZ\AppData\Roaming\npm\node_modules\firebase-tools\lib\command.js:169:17
[error] 
[error] Error: Failed to get Firebase project mzhogar. Please make sure the project exists and your account has permission to access it.
[debug] [2021-04-28T18:15:16.872Z] ----------------------------------------------------------------------
[debug] [2021-04-28T18:15:16.878Z] Command:       C:\Program Files\nodejs\node.exe C:\Users\ANDRES MZ\AppData\Roaming\npm\node_modules\firebase-tools\lib\bin\firebase.js deploy
[debug] [2021-04-28T18:15:16.879Z] CLI Version:   9.9.0
[debug] [2021-04-28T18:15:16.879Z] Platform:      win32
[debug] [2021-04-28T18:15:16.879Z] Node Version:  v14.15.4
[debug] [2021-04-28T18:15:16.880Z] Time:          Wed Apr 28 2021 14:15:16 GMT-0400 (hora de Venezuela)
[debug] [2021-04-28T18:15:16.881Z] ----------------------------------------------------------------------
[debug] 
[debug] [2021-04-28T18:15:16.942Z] > command requires scopes: ["email","openid","https://www.googleapis.com/auth/cloudplatformprojects.readonly","https://www.googleapis.com/auth/firebase","https://www.googleapis.com/auth/cloud-platform"]
[debug] [2021-04-28T18:15:16.942Z] > authorizing via signed-in user (opandre123@gmail.com)
[debug] [2021-04-28T18:15:16.942Z] [iam] checking project mzhogar for permissions ["firebase.projects.get","firebasehosting.sites.update"]
[debug] [2021-04-28T18:15:16.946Z] > refreshing access token with scopes: ["email","https://www.googleapis.com/auth/cloud-platform","https://www.googleapis.com/auth/cloudplatformprojects.readonly","https://www.googleapis.com/auth/firebase","openid"]
[debug] [2021-04-28T18:15:16.946Z] >>> HTTP REQUEST POST https://www.googleapis.com/oauth2/v3/token  
 <request body omitted>
[debug] [2021-04-28T18:15:37.630Z] [iam] error while checking permissions, command may fail: FirebaseError: Authentication Error: Your credentials are no longer valid. Please run firebase login --reauth

For CI servers and headless environments, generate a new token with firebase login:ci
[debug] [2021-04-28T18:15:37.635Z] >>> [apiv2][query] GET https://firebase.googleapis.com/v1beta1/projects/mzhogar [none]
[debug] [2021-04-28T18:15:46.575Z] <<< [apiv2][status] GET https://firebase.googleapis.com/v1beta1/projects/mzhogar 200
[debug] [2021-04-28T18:15:46.575Z] <<< [apiv2][body] GET https://firebase.googleapis.com/v1beta1/projects/mzhogar {"projectId":"mzhogar","projectNumber":"533080752863","displayName":"MzHogar","name":"projects/mzhogar","resources":{"hostingSite":"mzhogar"},"state":"ACTIVE"}
[info] 
[info] === Deploying to 'mzhogar'...
[info] 
[info] i  deploying hosting 
[debug] [2021-04-28T18:15:46.581Z] > refreshing access token with scopes: ["email","https://www.googleapis.com/auth/cloud-platform","https://www.googleapis.com/auth/cloudplatformprojects.readonly","https://www.googleapis.com/auth/firebase","openid"]
[debug] [2021-04-28T18:15:46.581Z] >>> HTTP REQUEST POST https://www.googleapis.com/oauth2/v3/token  
 <request body omitted>
[debug] [2021-04-28T18:15:54.799Z] <<< HTTP RESPONSE 200 {"expires":"Mon, 01 Jan 1990 00:00:00 GMT","pragma":"no-cache","date":"Wed, 28 Apr 2021 18:15:53 GMT","cache-control":"no-cache, no-store, max-age=0, must-revalidate","content-type":"application/json; charset=utf-8","vary":"X-Origin, Referer, Origin,Accept-Encoding","server":"scaffolding on HTTPServer2","x-xss-protection":"0","x-frame-options":"SAMEORIGIN","x-content-type-options":"nosniff","alt-svc":"h3-29=\":443\"; ma=2592000,h3-T051=\":443\"; ma=2592000,h3-Q050=\":443\"; ma=2592000,h3-Q046=\":443\"; ma=2592000,h3-Q043=\":443\"; ma=2592000,quic=\":443\"; ma=2592000; v=\"46,43\"","accept-ranges":"none","transfer-encoding":"chunked"}
[debug] [2021-04-28T18:15:54.864Z] >>> HTTP REQUEST POST https://firebasehosting.googleapis.com/v1beta1/sites/mzhogar/versions  
 {"config":{"rewrites":[{"glob":"**","path":"/index.html"}]},"labels":{"deployment-tool":"cli-firebase"}}
[debug] [2021-04-28T18:16:17.670Z] Error: Client network socket disconnected before secure TLS connection was established
    at connResetException (internal/errors.js:607:14)
    at TLSSocket.onConnectEnd (_tls_wrap.js:1544:19)
    at TLSSocket.emit (events.js:327:22)
    at TLSSocket.EventEmitter.emit (domain.js:467:12)
    at endReadableNT (internal/streams/readable.js:1327:12)
    at processTicksAndRejections (internal/process/task_queues.js:80:21)
[error] 
[error] Error: Server Error. Client network socket disconnected before secure TLS connection was established
